{"C:\\Projets\\Perso\\Belote\\server\\utils\\belote.ts": {"path":"C:\\Projets\\Perso\\Belote\\server\\utils\\belote.ts","statementMap":{"0":{"start":{"line":4,"column":21},"end":{"line":4,"column":40}},"1":{"start":{"line":4,"column":40},"end":{"line":4,"column":52}},"2":{"start":{"line":7,"column":4},"end":{"line":7,"column":null}},"3":{"start":{"line":12,"column":43},"end":{"line":14,"column":null}},"4":{"start":{"line":15,"column":4},"end":{"line":15,"column":null}},"5":{"start":{"line":20,"column":42},"end":{"line":22,"column":null}},"6":{"start":{"line":23,"column":4},"end":{"line":23,"column":null}},"7":{"start":{"line":28,"column":22},"end":{"line":28,"column":null}},"8":{"start":{"line":29,"column":38},"end":{"line":29,"column":null}},"9":{"start":{"line":31,"column":34},"end":{"line":31,"column":null}},"10":{"start":{"line":32,"column":53},"end":{"line":32,"column":null}},"11":{"start":{"line":33,"column":86},"end":{"line":33,"column":null}},"12":{"start":{"line":35,"column":45},"end":{"line":35,"column":null}},"13":{"start":{"line":36,"column":52},"end":{"line":36,"column":null}},"14":{"start":{"line":37,"column":58},"end":{"line":37,"column":null}},"15":{"start":{"line":39,"column":27},"end":{"line":39,"column":null}},"16":{"start":{"line":40,"column":28},"end":{"line":40,"column":null}},"17":{"start":{"line":42,"column":73},"end":{"line":42,"column":null}},"18":{"start":{"line":44,"column":17},"end":{"line":44,"column":null}},"19":{"start":{"line":45,"column":24},"end":{"line":45,"column":null}},"20":{"start":{"line":46,"column":22},"end":{"line":46,"column":null}},"21":{"start":{"line":47,"column":24},"end":{"line":47,"column":null}},"22":{"start":{"line":48,"column":33},"end":{"line":48,"column":null}},"23":{"start":{"line":49,"column":99},"end":{"line":49,"column":null}},"24":{"start":{"line":54,"column":6},"end":{"line":54,"column":null}},"25":{"start":{"line":60,"column":27},"end":{"line":60,"column":null}},"26":{"start":{"line":60,"column":50},"end":{"line":60,"column":65}},"27":{"start":{"line":62,"column":4},"end":{"line":81,"column":null}},"28":{"start":{"line":63,"column":8},"end":{"line":63,"column":null}},"29":{"start":{"line":64,"column":8},"end":{"line":64,"column":null}},"30":{"start":{"line":65,"column":8},"end":{"line":65,"column":null}},"31":{"start":{"line":66,"column":8},"end":{"line":66,"column":null}},"32":{"start":{"line":68,"column":8},"end":{"line":70,"column":null}},"33":{"start":{"line":69,"column":12},"end":{"line":69,"column":null}},"34":{"start":{"line":72,"column":8},"end":{"line":80,"column":null}},"35":{"start":{"line":73,"column":12},"end":{"line":78,"column":null}},"36":{"start":{"line":79,"column":12},"end":{"line":79,"column":null}},"37":{"start":{"line":84,"column":23},"end":{"line":84,"column":null}},"38":{"start":{"line":84,"column":48},"end":{"line":84,"column":70}},"39":{"start":{"line":85,"column":4},"end":{"line":88,"column":null}},"40":{"start":{"line":86,"column":8},"end":{"line":86,"column":null}},"41":{"start":{"line":87,"column":8},"end":{"line":87,"column":null}},"42":{"start":{"line":92,"column":19},"end":{"line":92,"column":null}},"43":{"start":{"line":93,"column":4},"end":{"line":93,"column":null}},"44":{"start":{"line":93,"column":17},"end":{"line":93,"column":null}},"45":{"start":{"line":95,"column":19},"end":{"line":95,"column":null}},"46":{"start":{"line":95,"column":42},"end":{"line":95,"column":57}},"47":{"start":{"line":96,"column":4},"end":{"line":100,"column":null}},"48":{"start":{"line":97,"column":8},"end":{"line":97,"column":null}},"49":{"start":{"line":98,"column":8},"end":{"line":98,"column":null}},"50":{"start":{"line":99,"column":8},"end":{"line":99,"column":null}},"51":{"start":{"line":101,"column":4},"end":{"line":101,"column":null}},"52":{"start":{"line":105,"column":18},"end":{"line":105,"column":null}},"53":{"start":{"line":106,"column":22},"end":{"line":106,"column":null}},"54":{"start":{"line":107,"column":25},"end":{"line":107,"column":null}},"55":{"start":{"line":109,"column":6},"end":{"line":118,"column":null}},"56":{"start":{"line":110,"column":10},"end":{"line":117,"column":null}},"57":{"start":{"line":111,"column":14},"end":{"line":116,"column":null}},"58":{"start":{"line":112,"column":18},"end":{"line":112,"column":null}},"59":{"start":{"line":113,"column":18},"end":{"line":113,"column":null}},"60":{"start":{"line":115,"column":18},"end":{"line":115,"column":null}},"61":{"start":{"line":120,"column":6},"end":{"line":123,"column":null}},"62":{"start":{"line":121,"column":11},"end":{"line":121,"column":null}},"63":{"start":{"line":122,"column":11},"end":{"line":122,"column":null}},"64":{"start":{"line":127,"column":16},"end":{"line":127,"column":null}},"65":{"start":{"line":128,"column":6},"end":{"line":128,"column":null}},"66":{"start":{"line":129,"column":6},"end":{"line":129,"column":null}},"67":{"start":{"line":130,"column":6},"end":{"line":130,"column":null}},"68":{"start":{"line":131,"column":6},"end":{"line":131,"column":null}},"69":{"start":{"line":132,"column":6},"end":{"line":132,"column":null}},"70":{"start":{"line":134,"column":6},"end":{"line":136,"column":null}},"71":{"start":{"line":135,"column":10},"end":{"line":135,"column":null}},"72":{"start":{"line":140,"column":6},"end":{"line":140,"column":null}},"73":{"start":{"line":142,"column":6},"end":{"line":142,"column":null}},"74":{"start":{"line":142,"column":46},"end":{"line":142,"column":77}},"75":{"start":{"line":146,"column":6},"end":{"line":146,"column":null}},"76":{"start":{"line":147,"column":6},"end":{"line":147,"column":null}},"77":{"start":{"line":148,"column":6},"end":{"line":148,"column":null}},"78":{"start":{"line":149,"column":6},"end":{"line":149,"column":null}},"79":{"start":{"line":150,"column":6},"end":{"line":150,"column":null}},"80":{"start":{"line":151,"column":6},"end":{"line":151,"column":null}},"81":{"start":{"line":152,"column":6},"end":{"line":152,"column":null}},"82":{"start":{"line":153,"column":6},"end":{"line":153,"column":null}},"83":{"start":{"line":154,"column":6},"end":{"line":154,"column":null}},"84":{"start":{"line":155,"column":6},"end":{"line":155,"column":null}},"85":{"start":{"line":157,"column":6},"end":{"line":157,"column":null}},"86":{"start":{"line":157,"column":46},"end":{"line":157,"column":54}},"87":{"start":{"line":161,"column":21},"end":{"line":161,"column":null}},"88":{"start":{"line":162,"column":4},"end":{"line":175,"column":null}},"89":{"start":{"line":163,"column":24},"end":{"line":163,"column":null}},"90":{"start":{"line":163,"column":46},"end":{"line":163,"column":56}},"91":{"start":{"line":164,"column":24},"end":{"line":164,"column":null}},"92":{"start":{"line":164,"column":45},"end":{"line":164,"column":67}},"93":{"start":{"line":165,"column":19},"end":{"line":167,"column":null}},"94":{"start":{"line":169,"column":6},"end":{"line":174,"column":null}},"95":{"start":{"line":181,"column":4},"end":{"line":181,"column":null}},"96":{"start":{"line":181,"column":35},"end":{"line":181,"column":null}},"97":{"start":{"line":182,"column":4},"end":{"line":182,"column":null}},"98":{"start":{"line":183,"column":4},"end":{"line":183,"column":null}},"99":{"start":{"line":184,"column":4},"end":{"line":184,"column":null}},"100":{"start":{"line":185,"column":4},"end":{"line":185,"column":null}},"101":{"start":{"line":189,"column":4},"end":{"line":189,"column":null}},"102":{"start":{"line":190,"column":4},"end":{"line":190,"column":null}},"103":{"start":{"line":191,"column":4},"end":{"line":191,"column":null}},"104":{"start":{"line":192,"column":4},"end":{"line":192,"column":null}},"105":{"start":{"line":195,"column":26},"end":{"line":195,"column":null}},"106":{"start":{"line":196,"column":26},"end":{"line":196,"column":null}},"107":{"start":{"line":197,"column":4},"end":{"line":197,"column":null}},"108":{"start":{"line":198,"column":4},"end":{"line":198,"column":null}},"109":{"start":{"line":198,"column":23},"end":{"line":198,"column":73}},"110":{"start":{"line":198,"column":42},"end":{"line":198,"column":72}},"111":{"start":{"line":199,"column":4},"end":{"line":199,"column":null}},"112":{"start":{"line":201,"column":4},"end":{"line":201,"column":null}},"113":{"start":{"line":202,"column":4},"end":{"line":202,"column":null}},"114":{"start":{"line":203,"column":4},"end":{"line":203,"column":null}},"115":{"start":{"line":208,"column":6},"end":{"line":232,"column":null}},"116":{"start":{"line":209,"column":10},"end":{"line":209,"column":null}},"117":{"start":{"line":210,"column":10},"end":{"line":212,"column":null}},"118":{"start":{"line":211,"column":14},"end":{"line":211,"column":null}},"119":{"start":{"line":213,"column":10},"end":{"line":213,"column":null}},"120":{"start":{"line":215,"column":10},"end":{"line":231,"column":null}},"121":{"start":{"line":216,"column":14},"end":{"line":220,"column":null}},"122":{"start":{"line":217,"column":34},"end":{"line":217,"column":null}},"123":{"start":{"line":218,"column":34},"end":{"line":218,"column":null}},"124":{"start":{"line":219,"column":18},"end":{"line":219,"column":null}},"125":{"start":{"line":221,"column":14},"end":{"line":221,"column":null}},"126":{"start":{"line":223,"column":14},"end":{"line":230,"column":null}},"127":{"start":{"line":224,"column":18},"end":{"line":224,"column":null}},"128":{"start":{"line":225,"column":18},"end":{"line":225,"column":null}},"129":{"start":{"line":226,"column":18},"end":{"line":226,"column":null}},"130":{"start":{"line":227,"column":18},"end":{"line":227,"column":null}},"131":{"start":{"line":228,"column":18},"end":{"line":228,"column":null}},"132":{"start":{"line":229,"column":18},"end":{"line":229,"column":null}},"133":{"start":{"line":238,"column":6},"end":{"line":238,"column":null}},"134":{"start":{"line":238,"column":36},"end":{"line":238,"column":null}},"135":{"start":{"line":240,"column":21},"end":{"line":240,"column":null}},"136":{"start":{"line":241,"column":6},"end":{"line":241,"column":null}},"137":{"start":{"line":241,"column":19},"end":{"line":241,"column":null}},"138":{"start":{"line":243,"column":26},"end":{"line":243,"column":null}},"139":{"start":{"line":243,"column":54},"end":{"line":243,"column":69}},"140":{"start":{"line":244,"column":6},"end":{"line":244,"column":null}},"141":{"start":{"line":244,"column":42},"end":{"line":244,"column":null}},"142":{"start":{"line":247,"column":28},"end":{"line":249,"column":null}},"143":{"start":{"line":251,"column":6},"end":{"line":251,"column":null}},"144":{"start":{"line":255,"column":21},"end":{"line":255,"column":null}},"145":{"start":{"line":256,"column":6},"end":{"line":256,"column":null}},"146":{"start":{"line":258,"column":6},"end":{"line":263,"column":null}},"147":{"start":{"line":265,"column":6},"end":{"line":286,"column":null}},"148":{"start":{"line":266,"column":10},"end":{"line":266,"column":null}},"149":{"start":{"line":267,"column":10},"end":{"line":267,"column":null}},"150":{"start":{"line":268,"column":10},"end":{"line":268,"column":null}},"151":{"start":{"line":271,"column":10},"end":{"line":271,"column":null}},"152":{"start":{"line":274,"column":10},"end":{"line":284,"column":null}},"153":{"start":{"line":275,"column":14},"end":{"line":283,"column":null}},"154":{"start":{"line":276,"column":18},"end":{"line":276,"column":null}},"155":{"start":{"line":279,"column":18},"end":{"line":279,"column":null}},"156":{"start":{"line":280,"column":18},"end":{"line":280,"column":null}},"157":{"start":{"line":281,"column":18},"end":{"line":281,"column":null}},"158":{"start":{"line":282,"column":18},"end":{"line":282,"column":null}},"159":{"start":{"line":285,"column":10},"end":{"line":285,"column":null}},"160":{"start":{"line":287,"column":6},"end":{"line":287,"column":null}},"161":{"start":{"line":291,"column":22},"end":{"line":291,"column":null}},"162":{"start":{"line":292,"column":6},"end":{"line":294,"column":null}},"163":{"start":{"line":293,"column":10},"end":{"line":293,"column":null}},"164":{"start":{"line":296,"column":20},"end":{"line":296,"column":null}},"165":{"start":{"line":297,"column":6},"end":{"line":303,"column":null}},"166":{"start":{"line":298,"column":27},"end":{"line":298,"column":null}},"167":{"start":{"line":299,"column":24},"end":{"line":299,"column":null}},"168":{"start":{"line":300,"column":27},"end":{"line":300,"column":null}},"169":{"start":{"line":301,"column":10},"end":{"line":301,"column":null}},"170":{"start":{"line":302,"column":10},"end":{"line":302,"column":null}},"171":{"start":{"line":305,"column":6},"end":{"line":305,"column":null}},"172":{"start":{"line":306,"column":6},"end":{"line":306,"column":null}},"173":{"start":{"line":307,"column":6},"end":{"line":307,"column":null}},"174":{"start":{"line":308,"column":6},"end":{"line":308,"column":null}},"175":{"start":{"line":312,"column":4},"end":{"line":312,"column":null}},"176":{"start":{"line":312,"column":34},"end":{"line":312,"column":null}},"177":{"start":{"line":314,"column":19},"end":{"line":314,"column":null}},"178":{"start":{"line":315,"column":4},"end":{"line":315,"column":null}},"179":{"start":{"line":315,"column":17},"end":{"line":315,"column":null}},"180":{"start":{"line":317,"column":24},"end":{"line":317,"column":null}},"181":{"start":{"line":317,"column":52},"end":{"line":317,"column":67}},"182":{"start":{"line":318,"column":4},"end":{"line":318,"column":null}},"183":{"start":{"line":318,"column":40},"end":{"line":318,"column":null}},"184":{"start":{"line":320,"column":4},"end":{"line":320,"column":null}},"185":{"start":{"line":324,"column":17},"end":{"line":324,"column":null}},"186":{"start":{"line":325,"column":22},"end":{"line":325,"column":null}},"187":{"start":{"line":325,"column":43},"end":{"line":325,"column":58}},"188":{"start":{"line":327,"column":4},"end":{"line":330,"column":null}},"189":{"start":{"line":328,"column":8},"end":{"line":328,"column":null}},"190":{"start":{"line":329,"column":8},"end":{"line":329,"column":null}},"191":{"start":{"line":332,"column":17},"end":{"line":332,"column":null}},"192":{"start":{"line":333,"column":4},"end":{"line":333,"column":null}},"193":{"start":{"line":335,"column":4},"end":{"line":335,"column":null}},"194":{"start":{"line":336,"column":4},"end":{"line":336,"column":null}},"195":{"start":{"line":338,"column":4},"end":{"line":344,"column":null}},"196":{"start":{"line":339,"column":6},"end":{"line":339,"column":null}},"197":{"start":{"line":339,"column":23},"end":{"line":339,"column":44}},"198":{"start":{"line":341,"column":6},"end":{"line":341,"column":null}},"199":{"start":{"line":342,"column":6},"end":{"line":342,"column":null}},"200":{"start":{"line":343,"column":6},"end":{"line":343,"column":null}},"201":{"start":{"line":349,"column":23},"end":{"line":349,"column":null}},"202":{"start":{"line":352,"column":17},"end":{"line":352,"column":null}},"203":{"start":{"line":353,"column":4},"end":{"line":353,"column":null}},"204":{"start":{"line":353,"column":35},"end":{"line":353,"column":92}},"205":{"start":{"line":355,"column":24},"end":{"line":355,"column":null}},"206":{"start":{"line":355,"column":52},"end":{"line":355,"column":80}},"207":{"start":{"line":356,"column":25},"end":{"line":356,"column":null}},"208":{"start":{"line":357,"column":4},"end":{"line":357,"column":null}},"209":{"start":{"line":360,"column":4},"end":{"line":360,"column":null}},"210":{"start":{"line":361,"column":4},"end":{"line":364,"column":null}},"211":{"start":{"line":365,"column":4},"end":{"line":365,"column":null}},"212":{"start":{"line":366,"column":4},"end":{"line":366,"column":null}},"213":{"start":{"line":369,"column":4},"end":{"line":384,"column":null}},"214":{"start":{"line":370,"column":8},"end":{"line":370,"column":null}},"215":{"start":{"line":371,"column":8},"end":{"line":371,"column":null}},"216":{"start":{"line":372,"column":8},"end":{"line":372,"column":null}},"217":{"start":{"line":374,"column":8},"end":{"line":374,"column":null}},"218":{"start":{"line":375,"column":8},"end":{"line":375,"column":null}},"219":{"start":{"line":376,"column":8},"end":{"line":376,"column":null}},"220":{"start":{"line":379,"column":8},"end":{"line":379,"column":null}},"221":{"start":{"line":381,"column":8},"end":{"line":381,"column":null}},"222":{"start":{"line":381,"column":25},"end":{"line":381,"column":44}},"223":{"start":{"line":383,"column":8},"end":{"line":383,"column":null}},"224":{"start":{"line":388,"column":22},"end":{"line":388,"column":null}},"225":{"start":{"line":389,"column":23},"end":{"line":389,"column":null}},"226":{"start":{"line":391,"column":6},"end":{"line":408,"column":null}},"227":{"start":{"line":391,"column":19},"end":{"line":391,"column":22}},"228":{"start":{"line":392,"column":28},"end":{"line":392,"column":null}},"229":{"start":{"line":393,"column":27},"end":{"line":393,"column":null}},"230":{"start":{"line":394,"column":27},"end":{"line":394,"column":null}},"231":{"start":{"line":396,"column":30},"end":{"line":396,"column":null}},"232":{"start":{"line":397,"column":30},"end":{"line":397,"column":null}},"233":{"start":{"line":399,"column":10},"end":{"line":407,"column":null}},"234":{"start":{"line":400,"column":14},"end":{"line":400,"column":null}},"235":{"start":{"line":401,"column":10},"end":{"line":407,"column":null}},"236":{"start":{"line":402,"column":14},"end":{"line":402,"column":null}},"237":{"start":{"line":402,"column":69},"end":{"line":402,"column":null}},"238":{"start":{"line":403,"column":10},"end":{"line":407,"column":null}},"239":{"start":{"line":404,"column":14},"end":{"line":406,"column":null}},"240":{"start":{"line":405,"column":18},"end":{"line":405,"column":null}},"241":{"start":{"line":409,"column":6},"end":{"line":409,"column":null}},"242":{"start":{"line":415,"column":19},"end":{"line":415,"column":null}},"243":{"start":{"line":416,"column":4},"end":{"line":423,"column":null}},"244":{"start":{"line":418,"column":22},"end":{"line":418,"column":null}},"245":{"start":{"line":419,"column":8},"end":{"line":422,"column":null}},"246":{"start":{"line":420,"column":12},"end":{"line":420,"column":null}},"247":{"start":{"line":420,"column":42},"end":{"line":420,"column":null}},"248":{"start":{"line":421,"column":12},"end":{"line":421,"column":null}},"249":{"start":{"line":421,"column":42},"end":{"line":421,"column":null}},"250":{"start":{"line":427,"column":26},"end":{"line":427,"column":null}},"251":{"start":{"line":427,"column":54},"end":{"line":427,"column":72}},"252":{"start":{"line":430,"column":19},"end":{"line":430,"column":null}},"253":{"start":{"line":432,"column":6},"end":{"line":442,"column":null}},"254":{"start":{"line":433,"column":25},"end":{"line":433,"column":null}},"255":{"start":{"line":434,"column":10},"end":{"line":434,"column":null}},"256":{"start":{"line":434,"column":22},"end":{"line":434,"column":null}},"257":{"start":{"line":435,"column":6},"end":{"line":442,"column":null}},"258":{"start":{"line":436,"column":32},"end":{"line":436,"column":null}},"259":{"start":{"line":437,"column":28},"end":{"line":437,"column":null}},"260":{"start":{"line":438,"column":23},"end":{"line":438,"column":null}},"261":{"start":{"line":438,"column":39},"end":{"line":438,"column":54}},"262":{"start":{"line":439,"column":10},"end":{"line":439,"column":null}},"263":{"start":{"line":441,"column":10},"end":{"line":441,"column":null}},"264":{"start":{"line":446,"column":19},"end":{"line":446,"column":null}},"265":{"start":{"line":447,"column":6},"end":{"line":447,"column":null}},"266":{"start":{"line":447,"column":38},"end":{"line":447,"column":null}},"267":{"start":{"line":449,"column":21},"end":{"line":449,"column":null}},"268":{"start":{"line":451,"column":6},"end":{"line":455,"column":null}},"269":{"start":{"line":452,"column":26},"end":{"line":452,"column":null}},"270":{"start":{"line":453,"column":26},"end":{"line":453,"column":null}},"271":{"start":{"line":453,"column":43},"end":{"line":453,"column":61}},"272":{"start":{"line":454,"column":10},"end":{"line":454,"column":null}},"273":{"start":{"line":454,"column":34},"end":{"line":454,"column":null}},"274":{"start":{"line":457,"column":25},"end":{"line":457,"column":null}},"275":{"start":{"line":458,"column":6},"end":{"line":458,"column":null}},"276":{"start":{"line":462,"column":6},"end":{"line":462,"column":null}},"277":{"start":{"line":462,"column":36},"end":{"line":462,"column":67}},"278":{"start":{"line":466,"column":4},"end":{"line":469,"column":null}},"279":{"start":{"line":466,"column":17},"end":{"line":466,"column":35}},"280":{"start":{"line":467,"column":18},"end":{"line":467,"column":null}},"281":{"start":{"line":468,"column":8},"end":{"line":468,"column":null}}},"fnMap":{"0":{"name":"(anonymous_0)","decl":{"start":{"line":4,"column":2},"end":{"line":4,"column":21}},"loc":{"start":{"line":4,"column":52},"end":{"line":4,"column":null}},"line":4},"1":{"name":"(anonymous_1)","decl":{"start":{"line":6,"column":6},"end":{"line":6,"column":11}},"loc":{"start":{"line":6,"column":11},"end":{"line":8,"column":null}},"line":6},"2":{"name":"(anonymous_2)","decl":{"start":{"line":11,"column":2},"end":{"line":11,"column":11}},"loc":{"start":{"line":11,"column":37},"end":{"line":16,"column":null}},"line":11},"3":{"name":"(anonymous_3)","decl":{"start":{"line":19,"column":2},"end":{"line":19,"column":11}},"loc":{"start":{"line":19,"column":37},"end":{"line":24,"column":null}},"line":19},"4":{"name":"(anonymous_4)","decl":{"start":{"line":53,"column":2},"end":{"line":53,"column":14}},"loc":{"start":{"line":53,"column":37},"end":{"line":55,"column":null}},"line":53},"5":{"name":"(anonymous_5)","decl":{"start":{"line":54,"column":35},"end":{"line":54,"column":41}},"loc":{"start":{"line":54,"column":41},"end":{"line":54,"column":null}},"line":54},"6":{"name":"(anonymous_6)","decl":{"start":{"line":59,"column":2},"end":{"line":59,"column":12}},"loc":{"start":{"line":59,"column":64},"end":{"line":89,"column":null}},"line":59},"7":{"name":"(anonymous_7)","decl":{"start":{"line":60,"column":45},"end":{"line":60,"column":50}},"loc":{"start":{"line":60,"column":50},"end":{"line":60,"column":65}},"line":60},"8":{"name":"(anonymous_8)","decl":{"start":{"line":84,"column":43},"end":{"line":84,"column":48}},"loc":{"start":{"line":84,"column":48},"end":{"line":84,"column":70}},"line":84},"9":{"name":"(anonymous_9)","decl":{"start":{"line":91,"column":2},"end":{"line":91,"column":15}},"loc":{"start":{"line":91,"column":33},"end":{"line":102,"column":null}},"line":91},"10":{"name":"(anonymous_10)","decl":{"start":{"line":95,"column":37},"end":{"line":95,"column":42}},"loc":{"start":{"line":95,"column":42},"end":{"line":95,"column":57}},"line":95},"11":{"name":"(anonymous_11)","decl":{"start":{"line":104,"column":2},"end":{"line":104,"column":21}},"loc":{"start":{"line":104,"column":21},"end":{"line":124,"column":null}},"line":104},"12":{"name":"(anonymous_12)","decl":{"start":{"line":109,"column":27},"end":{"line":109,"column":28}},"loc":{"start":{"line":109,"column":41},"end":{"line":118,"column":7}},"line":109},"13":{"name":"(anonymous_13)","decl":{"start":{"line":126,"column":2},"end":{"line":126,"column":17}},"loc":{"start":{"line":126,"column":38},"end":{"line":137,"column":null}},"line":126},"14":{"name":"(anonymous_14)","decl":{"start":{"line":139,"column":2},"end":{"line":139,"column":14}},"loc":{"start":{"line":139,"column":14},"end":{"line":143,"column":null}},"line":139},"15":{"name":"(anonymous_15)","decl":{"start":{"line":142,"column":41},"end":{"line":142,"column":46}},"loc":{"start":{"line":142,"column":46},"end":{"line":142,"column":77}},"line":142},"16":{"name":"(anonymous_16)","decl":{"start":{"line":145,"column":2},"end":{"line":145,"column":17}},"loc":{"start":{"line":145,"column":17},"end":{"line":158,"column":null}},"line":145},"17":{"name":"(anonymous_17)","decl":{"start":{"line":157,"column":41},"end":{"line":157,"column":46}},"loc":{"start":{"line":157,"column":46},"end":{"line":157,"column":54}},"line":157},"18":{"name":"(anonymous_18)","decl":{"start":{"line":160,"column":2},"end":{"line":160,"column":12}},"loc":{"start":{"line":160,"column":12},"end":{"line":176,"column":null}},"line":160},"19":{"name":"(anonymous_19)","decl":{"start":{"line":163,"column":41},"end":{"line":163,"column":46}},"loc":{"start":{"line":163,"column":46},"end":{"line":163,"column":56}},"line":163},"20":{"name":"(anonymous_20)","decl":{"start":{"line":164,"column":40},"end":{"line":164,"column":45}},"loc":{"start":{"line":164,"column":45},"end":{"line":164,"column":67}},"line":164},"21":{"name":"(anonymous_21)","decl":{"start":{"line":180,"column":2},"end":{"line":180,"column":14}},"loc":{"start":{"line":180,"column":14},"end":{"line":186,"column":null}},"line":180},"22":{"name":"(anonymous_22)","decl":{"start":{"line":188,"column":2},"end":{"line":188,"column":15}},"loc":{"start":{"line":188,"column":15},"end":{"line":204,"column":null}},"line":188},"23":{"name":"(anonymous_23)","decl":{"start":{"line":198,"column":18},"end":{"line":198,"column":23}},"loc":{"start":{"line":198,"column":23},"end":{"line":198,"column":73}},"line":198},"24":{"name":"(anonymous_24)","decl":{"start":{"line":198,"column":37},"end":{"line":198,"column":42}},"loc":{"start":{"line":198,"column":42},"end":{"line":198,"column":72}},"line":198},"25":{"name":"(anonymous_25)","decl":{"start":{"line":206,"column":2},"end":{"line":206,"column":24}},"loc":{"start":{"line":206,"column":24},"end":{"line":233,"column":null}},"line":206},"26":{"name":"(anonymous_26)","decl":{"start":{"line":208,"column":17},"end":{"line":208,"column":23}},"loc":{"start":{"line":208,"column":23},"end":{"line":232,"column":9}},"line":208},"27":{"name":"(anonymous_27)","decl":{"start":{"line":210,"column":31},"end":{"line":210,"column":32}},"loc":{"start":{"line":210,"column":41},"end":{"line":212,"column":11}},"line":210},"28":{"name":"(anonymous_28)","decl":{"start":{"line":215,"column":21},"end":{"line":215,"column":27}},"loc":{"start":{"line":215,"column":27},"end":{"line":231,"column":13}},"line":215},"29":{"name":"(anonymous_29)","decl":{"start":{"line":216,"column":35},"end":{"line":216,"column":36}},"loc":{"start":{"line":216,"column":45},"end":{"line":220,"column":15}},"line":216},"30":{"name":"(anonymous_30)","decl":{"start":{"line":223,"column":25},"end":{"line":223,"column":31}},"loc":{"start":{"line":223,"column":31},"end":{"line":230,"column":17}},"line":223},"31":{"name":"(anonymous_31)","decl":{"start":{"line":237,"column":2},"end":{"line":237,"column":12}},"loc":{"start":{"line":237,"column":68},"end":{"line":252,"column":null}},"line":237},"32":{"name":"(anonymous_32)","decl":{"start":{"line":243,"column":49},"end":{"line":243,"column":54}},"loc":{"start":{"line":243,"column":54},"end":{"line":243,"column":69}},"line":243},"33":{"name":"(anonymous_33)","decl":{"start":{"line":254,"column":2},"end":{"line":254,"column":13}},"loc":{"start":{"line":254,"column":72},"end":{"line":288,"column":null}},"line":254},"34":{"name":"(anonymous_34)","decl":{"start":{"line":290,"column":2},"end":{"line":290,"column":25}},"loc":{"start":{"line":290,"column":25},"end":{"line":309,"column":null}},"line":290},"35":{"name":"(anonymous_35)","decl":{"start":{"line":297,"column":27},"end":{"line":297,"column":28}},"loc":{"start":{"line":297,"column":37},"end":{"line":303,"column":7}},"line":297},"36":{"name":"(anonymous_36)","decl":{"start":{"line":311,"column":2},"end":{"line":311,"column":11}},"loc":{"start":{"line":311,"column":45},"end":{"line":321,"column":null}},"line":311},"37":{"name":"(anonymous_37)","decl":{"start":{"line":317,"column":47},"end":{"line":317,"column":52}},"loc":{"start":{"line":317,"column":52},"end":{"line":317,"column":67}},"line":317},"38":{"name":"(anonymous_38)","decl":{"start":{"line":323,"column":2},"end":{"line":323,"column":18}},"loc":{"start":{"line":323,"column":50},"end":{"line":345,"column":null}},"line":323},"39":{"name":"(anonymous_39)","decl":{"start":{"line":325,"column":38},"end":{"line":325,"column":43}},"loc":{"start":{"line":325,"column":43},"end":{"line":325,"column":58}},"line":325},"40":{"name":"(anonymous_40)","decl":{"start":{"line":339,"column":17},"end":{"line":339,"column":23}},"loc":{"start":{"line":339,"column":23},"end":{"line":339,"column":44}},"line":339},"41":{"name":"(anonymous_41)","decl":{"start":{"line":347,"column":2},"end":{"line":347,"column":17}},"loc":{"start":{"line":347,"column":17},"end":{"line":385,"column":null}},"line":347},"42":{"name":"(anonymous_42)","decl":{"start":{"line":353,"column":30},"end":{"line":353,"column":35}},"loc":{"start":{"line":353,"column":35},"end":{"line":353,"column":92}},"line":353},"43":{"name":"(anonymous_43)","decl":{"start":{"line":355,"column":47},"end":{"line":355,"column":52}},"loc":{"start":{"line":355,"column":52},"end":{"line":355,"column":80}},"line":355},"44":{"name":"(anonymous_44)","decl":{"start":{"line":381,"column":19},"end":{"line":381,"column":25}},"loc":{"start":{"line":381,"column":25},"end":{"line":381,"column":44}},"line":381},"45":{"name":"(anonymous_45)","decl":{"start":{"line":387,"column":2},"end":{"line":387,"column":17}},"loc":{"start":{"line":387,"column":71},"end":{"line":410,"column":null}},"line":387},"46":{"name":"(anonymous_46)","decl":{"start":{"line":414,"column":2},"end":{"line":414,"column":17}},"loc":{"start":{"line":414,"column":17},"end":{"line":424,"column":null}},"line":414},"47":{"name":"(anonymous_47)","decl":{"start":{"line":419,"column":19},"end":{"line":419,"column":25}},"loc":{"start":{"line":419,"column":25},"end":{"line":422,"column":11}},"line":419},"48":{"name":"(anonymous_48)","decl":{"start":{"line":426,"column":2},"end":{"line":426,"column":9}},"loc":{"start":{"line":426,"column":25},"end":{"line":443,"column":null}},"line":426},"49":{"name":"(anonymous_49)","decl":{"start":{"line":427,"column":49},"end":{"line":427,"column":54}},"loc":{"start":{"line":427,"column":54},"end":{"line":427,"column":72}},"line":427},"50":{"name":"(anonymous_50)","decl":{"start":{"line":438,"column":34},"end":{"line":438,"column":39}},"loc":{"start":{"line":438,"column":39},"end":{"line":438,"column":54}},"line":438},"51":{"name":"(anonymous_51)","decl":{"start":{"line":445,"column":2},"end":{"line":445,"column":10}},"loc":{"start":{"line":445,"column":26},"end":{"line":459,"column":null}},"line":445},"52":{"name":"(anonymous_52)","decl":{"start":{"line":453,"column":38},"end":{"line":453,"column":43}},"loc":{"start":{"line":453,"column":43},"end":{"line":453,"column":61}},"line":453},"53":{"name":"(anonymous_53)","decl":{"start":{"line":461,"column":6},"end":{"line":461,"column":35}},"loc":{"start":{"line":461,"column":35},"end":{"line":463,"column":null}},"line":461},"54":{"name":"(anonymous_54)","decl":{"start":{"line":462,"column":31},"end":{"line":462,"column":36}},"loc":{"start":{"line":462,"column":36},"end":{"line":462,"column":67}},"line":462},"55":{"name":"(anonymous_55)","decl":{"start":{"line":465,"column":2},"end":{"line":465,"column":10}},"loc":{"start":{"line":465,"column":24},"end":{"line":470,"column":null}},"line":465}},"branchMap":{"0":{"loc":{"start":{"line":12,"column":43},"end":{"line":14,"column":null}},"type":"cond-expr","locations":[{"start":{"line":13,"column":8},"end":{"line":13,"column":null}},{"start":{"line":14,"column":8},"end":{"line":14,"column":null}}],"line":12},"1":{"loc":{"start":{"line":20,"column":42},"end":{"line":22,"column":null}},"type":"cond-expr","locations":[{"start":{"line":21,"column":8},"end":{"line":21,"column":null}},{"start":{"line":22,"column":8},"end":{"line":22,"column":null}}],"line":20},"2":{"loc":{"start":{"line":54,"column":22},"end":{"line":54,"column":null}},"type":"binary-expr","locations":[{"start":{"line":54,"column":22},"end":{"line":54,"column":35}},{"start":{"line":54,"column":35},"end":{"line":54,"column":null}}],"line":54},"3":{"loc":{"start":{"line":62,"column":4},"end":{"line":81,"column":null}},"type":"if","locations":[{"start":{"line":62,"column":4},"end":{"line":81,"column":null}},{"start":{"line":71,"column":11},"end":{"line":81,"column":null}}],"line":62},"4":{"loc":{"start":{"line":68,"column":8},"end":{"line":70,"column":null}},"type":"if","locations":[{"start":{"line":68,"column":8},"end":{"line":70,"column":null}},{"start":{},"end":{}}],"line":68},"5":{"loc":{"start":{"line":72,"column":8},"end":{"line":80,"column":null}},"type":"if","locations":[{"start":{"line":72,"column":8},"end":{"line":80,"column":null}},{"start":{},"end":{}}],"line":72},"6":{"loc":{"start":{"line":84,"column":48},"end":{"line":84,"column":70}},"type":"binary-expr","locations":[{"start":{"line":84,"column":48},"end":{"line":84,"column":60}},{"start":{"line":84,"column":60},"end":{"line":84,"column":70}}],"line":84},"7":{"loc":{"start":{"line":85,"column":4},"end":{"line":88,"column":null}},"type":"if","locations":[{"start":{"line":85,"column":4},"end":{"line":88,"column":null}},{"start":{},"end":{}}],"line":85},"8":{"loc":{"start":{"line":85,"column":8},"end":{"line":85,"column":53}},"type":"binary-expr","locations":[{"start":{"line":85,"column":8},"end":{"line":85,"column":28}},{"start":{"line":85,"column":28},"end":{"line":85,"column":53}}],"line":85},"9":{"loc":{"start":{"line":93,"column":4},"end":{"line":93,"column":null}},"type":"if","locations":[{"start":{"line":93,"column":4},"end":{"line":93,"column":null}},{"start":{},"end":{}}],"line":93},"10":{"loc":{"start":{"line":96,"column":4},"end":{"line":100,"column":null}},"type":"if","locations":[{"start":{"line":96,"column":4},"end":{"line":100,"column":null}},{"start":{},"end":{}}],"line":96},"11":{"loc":{"start":{"line":110,"column":10},"end":{"line":117,"column":null}},"type":"if","locations":[{"start":{"line":110,"column":10},"end":{"line":117,"column":null}},{"start":{},"end":{}}],"line":110},"12":{"loc":{"start":{"line":111,"column":14},"end":{"line":116,"column":null}},"type":"if","locations":[{"start":{"line":111,"column":14},"end":{"line":116,"column":null}},{"start":{"line":114,"column":21},"end":{"line":116,"column":null}}],"line":111},"13":{"loc":{"start":{"line":111,"column":18},"end":{"line":111,"column":97}},"type":"binary-expr","locations":[{"start":{"line":111,"column":18},"end":{"line":111,"column":41}},{"start":{"line":111,"column":41},"end":{"line":111,"column":62}},{"start":{"line":111,"column":62},"end":{"line":111,"column":97}}],"line":111},"14":{"loc":{"start":{"line":120,"column":6},"end":{"line":123,"column":null}},"type":"if","locations":[{"start":{"line":120,"column":6},"end":{"line":123,"column":null}},{"start":{},"end":{}}],"line":120},"15":{"loc":{"start":{"line":120,"column":10},"end":{"line":120,"column":56}},"type":"binary-expr","locations":[{"start":{"line":120,"column":10},"end":{"line":120,"column":32}},{"start":{"line":120,"column":32},"end":{"line":120,"column":56}}],"line":120},"16":{"loc":{"start":{"line":134,"column":6},"end":{"line":136,"column":null}},"type":"if","locations":[{"start":{"line":134,"column":6},"end":{"line":136,"column":null}},{"start":{},"end":{}}],"line":134},"17":{"loc":{"start":{"line":134,"column":10},"end":{"line":134,"column":68}},"type":"binary-expr","locations":[{"start":{"line":134,"column":10},"end":{"line":134,"column":36}},{"start":{"line":134,"column":36},"end":{"line":134,"column":68}}],"line":134},"18":{"loc":{"start":{"line":142,"column":46},"end":{"line":142,"column":77}},"type":"binary-expr","locations":[{"start":{"line":142,"column":46},"end":{"line":142,"column":69}},{"start":{"line":142,"column":69},"end":{"line":142,"column":77}}],"line":142},"19":{"loc":{"start":{"line":165,"column":19},"end":{"line":167,"column":null}},"type":"cond-expr","locations":[{"start":{"line":166,"column":10},"end":{"line":166,"column":null}},{"start":{"line":167,"column":10},"end":{"line":167,"column":null}}],"line":165},"20":{"loc":{"start":{"line":181,"column":4},"end":{"line":181,"column":null}},"type":"if","locations":[{"start":{"line":181,"column":4},"end":{"line":181,"column":null}},{"start":{},"end":{}}],"line":181},"21":{"loc":{"start":{"line":217,"column":34},"end":{"line":217,"column":null}},"type":"binary-expr","locations":[{"start":{"line":217,"column":34},"end":{"line":217,"column":54}},{"start":{"line":217,"column":54},"end":{"line":217,"column":null}}],"line":217},"22":{"loc":{"start":{"line":238,"column":6},"end":{"line":238,"column":null}},"type":"if","locations":[{"start":{"line":238,"column":6},"end":{"line":238,"column":null}},{"start":{},"end":{}}],"line":238},"23":{"loc":{"start":{"line":241,"column":6},"end":{"line":241,"column":null}},"type":"if","locations":[{"start":{"line":241,"column":6},"end":{"line":241,"column":null}},{"start":{},"end":{}}],"line":241},"24":{"loc":{"start":{"line":244,"column":6},"end":{"line":244,"column":null}},"type":"if","locations":[{"start":{"line":244,"column":6},"end":{"line":244,"column":null}},{"start":{},"end":{}}],"line":244},"25":{"loc":{"start":{"line":247,"column":28},"end":{"line":249,"column":null}},"type":"cond-expr","locations":[{"start":{"line":248,"column":12},"end":{"line":248,"column":null}},{"start":{"line":249,"column":12},"end":{"line":249,"column":null}}],"line":247},"26":{"loc":{"start":{"line":247,"column":28},"end":{"line":247,"column":null}},"type":"binary-expr","locations":[{"start":{"line":247,"column":28},"end":{"line":247,"column":49}},{"start":{"line":247,"column":49},"end":{"line":247,"column":null}}],"line":247},"27":{"loc":{"start":{"line":256,"column":67},"end":{"line":256,"column":77}},"type":"binary-expr","locations":[{"start":{"line":256,"column":67},"end":{"line":256,"column":75}},{"start":{"line":256,"column":75},"end":{"line":256,"column":77}}],"line":256},"28":{"loc":{"start":{"line":265,"column":6},"end":{"line":286,"column":null}},"type":"if","locations":[{"start":{"line":265,"column":6},"end":{"line":286,"column":null}},{"start":{"line":269,"column":13},"end":{"line":286,"column":null}}],"line":265},"29":{"loc":{"start":{"line":265,"column":10},"end":{"line":265,"column":37}},"type":"binary-expr","locations":[{"start":{"line":265,"column":10},"end":{"line":265,"column":31}},{"start":{"line":265,"column":31},"end":{"line":265,"column":37}}],"line":265},"30":{"loc":{"start":{"line":274,"column":10},"end":{"line":284,"column":null}},"type":"if","locations":[{"start":{"line":274,"column":10},"end":{"line":284,"column":null}},{"start":{},"end":{}}],"line":274},"31":{"loc":{"start":{"line":275,"column":14},"end":{"line":283,"column":null}},"type":"if","locations":[{"start":{"line":275,"column":14},"end":{"line":283,"column":null}},{"start":{"line":277,"column":21},"end":{"line":283,"column":null}}],"line":275},"32":{"loc":{"start":{"line":292,"column":6},"end":{"line":294,"column":null}},"type":"if","locations":[{"start":{"line":292,"column":6},"end":{"line":294,"column":null}},{"start":{},"end":{}}],"line":292},"33":{"loc":{"start":{"line":299,"column":24},"end":{"line":299,"column":null}},"type":"cond-expr","locations":[{"start":{"line":299,"column":34},"end":{"line":299,"column":38}},{"start":{"line":299,"column":38},"end":{"line":299,"column":null}}],"line":299},"34":{"loc":{"start":{"line":312,"column":4},"end":{"line":312,"column":null}},"type":"if","locations":[{"start":{"line":312,"column":4},"end":{"line":312,"column":null}},{"start":{},"end":{}}],"line":312},"35":{"loc":{"start":{"line":315,"column":4},"end":{"line":315,"column":null}},"type":"if","locations":[{"start":{"line":315,"column":4},"end":{"line":315,"column":null}},{"start":{},"end":{}}],"line":315},"36":{"loc":{"start":{"line":318,"column":4},"end":{"line":318,"column":null}},"type":"if","locations":[{"start":{"line":318,"column":4},"end":{"line":318,"column":null}},{"start":{},"end":{}}],"line":318},"37":{"loc":{"start":{"line":327,"column":4},"end":{"line":330,"column":null}},"type":"if","locations":[{"start":{"line":327,"column":4},"end":{"line":330,"column":null}},{"start":{},"end":{}}],"line":327},"38":{"loc":{"start":{"line":327,"column":8},"end":{"line":327,"column":35}},"type":"binary-expr","locations":[{"start":{"line":327,"column":8},"end":{"line":327,"column":17}},{"start":{"line":327,"column":17},"end":{"line":327,"column":35}}],"line":327},"39":{"loc":{"start":{"line":338,"column":4},"end":{"line":344,"column":null}},"type":"if","locations":[{"start":{"line":338,"column":4},"end":{"line":344,"column":null}},{"start":{"line":340,"column":11},"end":{"line":344,"column":null}}],"line":338},"40":{"loc":{"start":{"line":356,"column":25},"end":{"line":356,"column":null}},"type":"cond-expr","locations":[{"start":{"line":356,"column":50},"end":{"line":356,"column":60}},{"start":{"line":356,"column":60},"end":{"line":356,"column":null}}],"line":356},"41":{"loc":{"start":{"line":369,"column":4},"end":{"line":384,"column":null}},"type":"if","locations":[{"start":{"line":369,"column":4},"end":{"line":384,"column":null}},{"start":{"line":382,"column":11},"end":{"line":384,"column":null}}],"line":369},"42":{"loc":{"start":{"line":399,"column":10},"end":{"line":407,"column":null}},"type":"if","locations":[{"start":{"line":399,"column":10},"end":{"line":407,"column":null}},{"start":{"line":401,"column":10},"end":{"line":407,"column":null}}],"line":399},"43":{"loc":{"start":{"line":399,"column":14},"end":{"line":399,"column":43}},"type":"binary-expr","locations":[{"start":{"line":399,"column":14},"end":{"line":399,"column":29}},{"start":{"line":399,"column":29},"end":{"line":399,"column":43}}],"line":399},"44":{"loc":{"start":{"line":401,"column":10},"end":{"line":407,"column":null}},"type":"if","locations":[{"start":{"line":401,"column":10},"end":{"line":407,"column":null}},{"start":{"line":403,"column":10},"end":{"line":407,"column":null}}],"line":401},"45":{"loc":{"start":{"line":401,"column":21},"end":{"line":401,"column":49}},"type":"binary-expr","locations":[{"start":{"line":401,"column":21},"end":{"line":401,"column":36}},{"start":{"line":401,"column":36},"end":{"line":401,"column":49}}],"line":401},"46":{"loc":{"start":{"line":402,"column":14},"end":{"line":402,"column":null}},"type":"if","locations":[{"start":{"line":402,"column":14},"end":{"line":402,"column":null}},{"start":{},"end":{}}],"line":402},"47":{"loc":{"start":{"line":403,"column":10},"end":{"line":407,"column":null}},"type":"if","locations":[{"start":{"line":403,"column":10},"end":{"line":407,"column":null}},{"start":{},"end":{}}],"line":403},"48":{"loc":{"start":{"line":403,"column":21},"end":{"line":403,"column":51}},"type":"binary-expr","locations":[{"start":{"line":403,"column":21},"end":{"line":403,"column":37}},{"start":{"line":403,"column":37},"end":{"line":403,"column":51}}],"line":403},"49":{"loc":{"start":{"line":404,"column":14},"end":{"line":406,"column":null}},"type":"if","locations":[{"start":{"line":404,"column":14},"end":{"line":406,"column":null}},{"start":{},"end":{}}],"line":404},"50":{"loc":{"start":{"line":404,"column":18},"end":{"line":404,"column":100}},"type":"binary-expr","locations":[{"start":{"line":404,"column":18},"end":{"line":404,"column":47}},{"start":{"line":404,"column":47},"end":{"line":404,"column":100}}],"line":404},"51":{"loc":{"start":{"line":416,"column":4},"end":{"line":423,"column":null}},"type":"if","locations":[{"start":{"line":416,"column":4},"end":{"line":423,"column":null}},{"start":{},"end":{}}],"line":416},"52":{"loc":{"start":{"line":416,"column":8},"end":{"line":416,"column":32}},"type":"binary-expr","locations":[{"start":{"line":416,"column":8},"end":{"line":416,"column":18}},{"start":{"line":416,"column":18},"end":{"line":416,"column":32}}],"line":416},"53":{"loc":{"start":{"line":420,"column":12},"end":{"line":420,"column":null}},"type":"if","locations":[{"start":{"line":420,"column":12},"end":{"line":420,"column":null}},{"start":{},"end":{}}],"line":420},"54":{"loc":{"start":{"line":421,"column":12},"end":{"line":421,"column":null}},"type":"if","locations":[{"start":{"line":421,"column":12},"end":{"line":421,"column":null}},{"start":{},"end":{}}],"line":421},"55":{"loc":{"start":{"line":432,"column":6},"end":{"line":442,"column":null}},"type":"if","locations":[{"start":{"line":432,"column":6},"end":{"line":442,"column":null}},{"start":{"line":435,"column":6},"end":{"line":442,"column":null}}],"line":432},"56":{"loc":{"start":{"line":432,"column":10},"end":{"line":432,"column":49}},"type":"binary-expr","locations":[{"start":{"line":432,"column":10},"end":{"line":432,"column":37}},{"start":{"line":432,"column":37},"end":{"line":432,"column":49}}],"line":432},"57":{"loc":{"start":{"line":434,"column":10},"end":{"line":434,"column":null}},"type":"if","locations":[{"start":{"line":434,"column":10},"end":{"line":434,"column":null}},{"start":{},"end":{}}],"line":434},"58":{"loc":{"start":{"line":435,"column":6},"end":{"line":442,"column":null}},"type":"if","locations":[{"start":{"line":435,"column":6},"end":{"line":442,"column":null}},{"start":{"line":440,"column":13},"end":{"line":442,"column":null}}],"line":435},"59":{"loc":{"start":{"line":435,"column":17},"end":{"line":435,"column":56}},"type":"binary-expr","locations":[{"start":{"line":435,"column":17},"end":{"line":435,"column":44}},{"start":{"line":435,"column":44},"end":{"line":435,"column":56}}],"line":435},"60":{"loc":{"start":{"line":438,"column":23},"end":{"line":438,"column":null}},"type":"binary-expr","locations":[{"start":{"line":438,"column":23},"end":{"line":438,"column":59}},{"start":{"line":438,"column":59},"end":{"line":438,"column":null}}],"line":438},"61":{"loc":{"start":{"line":447,"column":6},"end":{"line":447,"column":null}},"type":"if","locations":[{"start":{"line":447,"column":6},"end":{"line":447,"column":null}},{"start":{},"end":{}}],"line":447},"62":{"loc":{"start":{"line":447,"column":10},"end":{"line":447,"column":38}},"type":"binary-expr","locations":[{"start":{"line":447,"column":10},"end":{"line":447,"column":19}},{"start":{"line":447,"column":19},"end":{"line":447,"column":38}}],"line":447},"63":{"loc":{"start":{"line":451,"column":6},"end":{"line":455,"column":null}},"type":"if","locations":[{"start":{"line":451,"column":6},"end":{"line":455,"column":null}},{"start":{},"end":{}}],"line":451},"64":{"loc":{"start":{"line":454,"column":10},"end":{"line":454,"column":null}},"type":"if","locations":[{"start":{"line":454,"column":10},"end":{"line":454,"column":null}},{"start":{},"end":{}}],"line":454},"65":{"loc":{"start":{"line":462,"column":36},"end":{"line":462,"column":67}},"type":"binary-expr","locations":[{"start":{"line":462,"column":36},"end":{"line":462,"column":48}},{"start":{"line":462,"column":48},"end":{"line":462,"column":67}}],"line":462}},"s":{"0":148,"1":148,"2":0,"3":8,"4":8,"5":18,"6":18,"7":10,"8":10,"9":10,"10":10,"11":10,"12":10,"13":10,"14":10,"15":10,"16":10,"17":10,"18":10,"19":10,"20":10,"21":10,"22":10,"23":10,"24":10,"25":41,"26":61,"27":41,"28":1,"29":1,"30":1,"31":1,"32":1,"33":0,"34":40,"35":40,"36":40,"37":41,"38":104,"39":41,"40":0,"41":0,"42":1,"43":1,"44":0,"45":1,"46":1,"47":1,"48":1,"49":1,"50":1,"51":1,"52":0,"53":0,"54":0,"55":0,"56":0,"57":0,"58":0,"59":0,"60":0,"61":0,"62":0,"63":0,"64":1,"65":1,"66":1,"67":1,"68":1,"69":1,"70":1,"71":0,"72":0,"73":0,"74":0,"75":0,"76":0,"77":0,"78":0,"79":0,"80":0,"81":0,"82":0,"83":0,"84":0,"85":0,"86":0,"87":0,"88":0,"89":0,"90":0,"91":0,"92":0,"93":0,"94":0,"95":1,"96":0,"97":1,"98":1,"99":1,"100":1,"101":4,"102":4,"103":4,"104":4,"105":4,"106":4,"107":4,"108":4,"109":16,"110":128,"111":4,"112":4,"113":4,"114":4,"115":4,"116":2,"117":2,"118":8,"119":2,"120":2,"121":2,"122":8,"123":8,"124":8,"125":2,"126":2,"127":2,"128":2,"129":2,"130":2,"131":2,"132":2,"133":1,"134":0,"135":1,"136":1,"137":0,"138":1,"139":2,"140":1,"141":0,"142":1,"143":1,"144":1,"145":1,"146":1,"147":1,"148":1,"149":1,"150":1,"151":0,"152":0,"153":0,"154":0,"155":0,"156":0,"157":0,"158":0,"159":0,"160":1,"161":1,"162":1,"163":1,"164":1,"165":1,"166":4,"167":4,"168":4,"169":4,"170":4,"171":1,"172":1,"173":1,"174":1,"175":0,"176":0,"177":0,"178":0,"179":0,"180":0,"181":0,"182":0,"183":0,"184":0,"185":0,"186":0,"187":0,"188":0,"189":0,"190":0,"191":0,"192":0,"193":0,"194":0,"195":0,"196":0,"197":0,"198":0,"199":0,"200":0,"201":1,"202":1,"203":1,"204":4,"205":1,"206":1,"207":1,"208":1,"209":1,"210":1,"211":1,"212":1,"213":1,"214":1,"215":1,"216":1,"217":1,"218":1,"219":1,"220":1,"221":1,"222":0,"223":0,"224":4,"225":4,"226":4,"227":4,"228":12,"229":12,"230":12,"231":12,"232":12,"233":12,"234":1,"235":11,"236":3,"237":1,"238":8,"239":6,"240":1,"241":4,"242":3,"243":3,"244":0,"245":0,"246":0,"247":0,"248":0,"249":0,"250":0,"251":0,"252":0,"253":0,"254":0,"255":0,"256":0,"257":0,"258":0,"259":0,"260":0,"261":0,"262":0,"263":0,"264":0,"265":0,"266":0,"267":0,"268":0,"269":0,"270":0,"271":0,"272":0,"273":0,"274":0,"275":0,"276":1,"277":2,"278":4,"279":4,"280":124,"281":124},"f":{"0":148,"1":0,"2":8,"3":18,"4":10,"5":0,"6":41,"7":61,"8":104,"9":1,"10":1,"11":0,"12":0,"13":1,"14":0,"15":0,"16":0,"17":0,"18":0,"19":0,"20":0,"21":1,"22":4,"23":16,"24":128,"25":4,"26":2,"27":8,"28":2,"29":8,"30":2,"31":1,"32":2,"33":1,"34":1,"35":4,"36":0,"37":0,"38":0,"39":0,"40":0,"41":1,"42":4,"43":1,"44":0,"45":4,"46":3,"47":0,"48":0,"49":0,"50":0,"51":0,"52":0,"53":1,"54":2,"55":4},"b":{"0":[3,5],"1":[6,12],"2":[10,0],"3":[1,40],"4":[0,1],"5":[40,0],"6":[104,104],"7":[0,41],"8":[41,10],"9":[0,1],"10":[1,0],"11":[0,0],"12":[0,0],"13":[0,0,0],"14":[0,0],"15":[0,0],"16":[0,1],"17":[1,0],"18":[0,0],"19":[0,0],"20":[0,1],"21":[8,0],"22":[0,1],"23":[0,1],"24":[0,1],"25":[1,0],"26":[1,1],"27":[1,0],"28":[1,0],"29":[1,1],"30":[0,0],"31":[0,0],"32":[1,0],"33":[1,3],"34":[0,0],"35":[0,0],"36":[0,0],"37":[0,0],"38":[0,0],"39":[0,0],"40":[1,0],"41":[1,0],"42":[1,11],"43":[12,4],"44":[3,8],"45":[11,3],"46":[1,2],"47":[6,2],"48":[8,8],"49":[1,5],"50":[6,6],"51":[0,3],"52":[3,3],"53":[0,0],"54":[0,0],"55":[0,0],"56":[0,0],"57":[0,0],"58":[0,0],"59":[0,0],"60":[0,0],"61":[0,0],"62":[0,0],"63":[0,0],"64":[0,0],"65":[2,2]},"meta":{"lastBranch":66,"lastFunction":56,"lastStatement":282,"seen":{"f:4:2:4:21":0,"s:4:21:4:40":0,"s:4:40:4:52":1,"f:6:6:6:11":1,"s:7:4:7:Infinity":2,"f:11:2:11:11":2,"s:12:43:14:Infinity":3,"b:13:8:13:Infinity:14:8:14:Infinity":0,"s:15:4:15:Infinity":4,"f:19:2:19:11":3,"s:20:42:22:Infinity":5,"b:21:8:21:Infinity:22:8:22:Infinity":1,"s:23:4:23:Infinity":6,"s:28:22:28:Infinity":7,"s:29:38:29:Infinity":8,"s:31:34:31:Infinity":9,"s:32:53:32:Infinity":10,"s:33:86:33:Infinity":11,"s:35:45:35:Infinity":12,"s:36:52:36:Infinity":13,"s:37:58:37:Infinity":14,"s:39:27:39:Infinity":15,"s:40:28:40:Infinity":16,"s:42:73:42:Infinity":17,"s:44:17:44:Infinity":18,"s:45:24:45:Infinity":19,"s:46:22:46:Infinity":20,"s:47:24:47:Infinity":21,"s:48:33:48:Infinity":22,"s:49:99:49:Infinity":23,"f:53:2:53:14":4,"s:54:6:54:Infinity":24,"b:54:22:54:35:54:35:54:Infinity":2,"f:54:35:54:41":5,"f:59:2:59:12":6,"s:60:27:60:Infinity":25,"f:60:45:60:50":7,"s:60:50:60:65":26,"b:62:4:81:Infinity:71:11:81:Infinity":3,"s:62:4:81:Infinity":27,"s:63:8:63:Infinity":28,"s:64:8:64:Infinity":29,"s:65:8:65:Infinity":30,"s:66:8:66:Infinity":31,"b:68:8:70:Infinity:undefined:undefined:undefined:undefined":4,"s:68:8:70:Infinity":32,"s:69:12:69:Infinity":33,"b:72:8:80:Infinity:undefined:undefined:undefined:undefined":5,"s:72:8:80:Infinity":34,"s:73:12:78:Infinity":35,"s:79:12:79:Infinity":36,"s:84:23:84:Infinity":37,"f:84:43:84:48":8,"s:84:48:84:70":38,"b:84:48:84:60:84:60:84:70":6,"b:85:4:88:Infinity:undefined:undefined:undefined:undefined":7,"s:85:4:88:Infinity":39,"b:85:8:85:28:85:28:85:53":8,"s:86:8:86:Infinity":40,"s:87:8:87:Infinity":41,"f:91:2:91:15":9,"s:92:19:92:Infinity":42,"b:93:4:93:Infinity:undefined:undefined:undefined:undefined":9,"s:93:4:93:Infinity":43,"s:93:17:93:Infinity":44,"s:95:19:95:Infinity":45,"f:95:37:95:42":10,"s:95:42:95:57":46,"b:96:4:100:Infinity:undefined:undefined:undefined:undefined":10,"s:96:4:100:Infinity":47,"s:97:8:97:Infinity":48,"s:98:8:98:Infinity":49,"s:99:8:99:Infinity":50,"s:101:4:101:Infinity":51,"f:104:2:104:21":11,"s:105:18:105:Infinity":52,"s:106:22:106:Infinity":53,"s:107:25:107:Infinity":54,"s:109:6:118:Infinity":55,"f:109:27:109:28":12,"b:110:10:117:Infinity:undefined:undefined:undefined:undefined":11,"s:110:10:117:Infinity":56,"b:111:14:116:Infinity:114:21:116:Infinity":12,"s:111:14:116:Infinity":57,"b:111:18:111:41:111:41:111:62:111:62:111:97":13,"s:112:18:112:Infinity":58,"s:113:18:113:Infinity":59,"s:115:18:115:Infinity":60,"b:120:6:123:Infinity:undefined:undefined:undefined:undefined":14,"s:120:6:123:Infinity":61,"b:120:10:120:32:120:32:120:56":15,"s:121:11:121:Infinity":62,"s:122:11:122:Infinity":63,"f:126:2:126:17":13,"s:127:16:127:Infinity":64,"s:128:6:128:Infinity":65,"s:129:6:129:Infinity":66,"s:130:6:130:Infinity":67,"s:131:6:131:Infinity":68,"s:132:6:132:Infinity":69,"b:134:6:136:Infinity:undefined:undefined:undefined:undefined":16,"s:134:6:136:Infinity":70,"b:134:10:134:36:134:36:134:68":17,"s:135:10:135:Infinity":71,"f:139:2:139:14":14,"s:140:6:140:Infinity":72,"s:142:6:142:Infinity":73,"f:142:41:142:46":15,"s:142:46:142:77":74,"b:142:46:142:69:142:69:142:77":18,"f:145:2:145:17":16,"s:146:6:146:Infinity":75,"s:147:6:147:Infinity":76,"s:148:6:148:Infinity":77,"s:149:6:149:Infinity":78,"s:150:6:150:Infinity":79,"s:151:6:151:Infinity":80,"s:152:6:152:Infinity":81,"s:153:6:153:Infinity":82,"s:154:6:154:Infinity":83,"s:155:6:155:Infinity":84,"s:157:6:157:Infinity":85,"f:157:41:157:46":17,"s:157:46:157:54":86,"f:160:2:160:12":18,"s:161:21:161:Infinity":87,"s:162:4:175:Infinity":88,"s:163:24:163:Infinity":89,"f:163:41:163:46":19,"s:163:46:163:56":90,"s:164:24:164:Infinity":91,"f:164:40:164:45":20,"s:164:45:164:67":92,"s:165:19:167:Infinity":93,"b:166:10:166:Infinity:167:10:167:Infinity":19,"s:169:6:174:Infinity":94,"f:180:2:180:14":21,"b:181:4:181:Infinity:undefined:undefined:undefined:undefined":20,"s:181:4:181:Infinity":95,"s:181:35:181:Infinity":96,"s:182:4:182:Infinity":97,"s:183:4:183:Infinity":98,"s:184:4:184:Infinity":99,"s:185:4:185:Infinity":100,"f:188:2:188:15":22,"s:189:4:189:Infinity":101,"s:190:4:190:Infinity":102,"s:191:4:191:Infinity":103,"s:192:4:192:Infinity":104,"s:195:26:195:Infinity":105,"s:196:26:196:Infinity":106,"s:197:4:197:Infinity":107,"s:198:4:198:Infinity":108,"f:198:18:198:23":23,"s:198:23:198:73":109,"f:198:37:198:42":24,"s:198:42:198:72":110,"s:199:4:199:Infinity":111,"s:201:4:201:Infinity":112,"s:202:4:202:Infinity":113,"s:203:4:203:Infinity":114,"f:206:2:206:24":25,"s:208:6:232:Infinity":115,"f:208:17:208:23":26,"s:209:10:209:Infinity":116,"s:210:10:212:Infinity":117,"f:210:31:210:32":27,"s:211:14:211:Infinity":118,"s:213:10:213:Infinity":119,"s:215:10:231:Infinity":120,"f:215:21:215:27":28,"s:216:14:220:Infinity":121,"f:216:35:216:36":29,"s:217:34:217:Infinity":122,"b:217:34:217:54:217:54:217:Infinity":21,"s:218:34:218:Infinity":123,"s:219:18:219:Infinity":124,"s:221:14:221:Infinity":125,"s:223:14:230:Infinity":126,"f:223:25:223:31":30,"s:224:18:224:Infinity":127,"s:225:18:225:Infinity":128,"s:226:18:226:Infinity":129,"s:227:18:227:Infinity":130,"s:228:18:228:Infinity":131,"s:229:18:229:Infinity":132,"f:237:2:237:12":31,"b:238:6:238:Infinity:undefined:undefined:undefined:undefined":22,"s:238:6:238:Infinity":133,"s:238:36:238:Infinity":134,"s:240:21:240:Infinity":135,"b:241:6:241:Infinity:undefined:undefined:undefined:undefined":23,"s:241:6:241:Infinity":136,"s:241:19:241:Infinity":137,"s:243:26:243:Infinity":138,"f:243:49:243:54":32,"s:243:54:243:69":139,"b:244:6:244:Infinity:undefined:undefined:undefined:undefined":24,"s:244:6:244:Infinity":140,"s:244:42:244:Infinity":141,"s:247:28:249:Infinity":142,"b:248:12:248:Infinity:249:12:249:Infinity":25,"b:247:28:247:49:247:49:247:Infinity":26,"s:251:6:251:Infinity":143,"f:254:2:254:13":33,"s:255:21:255:Infinity":144,"s:256:6:256:Infinity":145,"b:256:67:256:75:256:75:256:77":27,"s:258:6:263:Infinity":146,"b:265:6:286:Infinity:269:13:286:Infinity":28,"s:265:6:286:Infinity":147,"b:265:10:265:31:265:31:265:37":29,"s:266:10:266:Infinity":148,"s:267:10:267:Infinity":149,"s:268:10:268:Infinity":150,"s:271:10:271:Infinity":151,"b:274:10:284:Infinity:undefined:undefined:undefined:undefined":30,"s:274:10:284:Infinity":152,"b:275:14:283:Infinity:277:21:283:Infinity":31,"s:275:14:283:Infinity":153,"s:276:18:276:Infinity":154,"s:279:18:279:Infinity":155,"s:280:18:280:Infinity":156,"s:281:18:281:Infinity":157,"s:282:18:282:Infinity":158,"s:285:10:285:Infinity":159,"s:287:6:287:Infinity":160,"f:290:2:290:25":34,"s:291:22:291:Infinity":161,"b:292:6:294:Infinity:undefined:undefined:undefined:undefined":32,"s:292:6:294:Infinity":162,"s:293:10:293:Infinity":163,"s:296:20:296:Infinity":164,"s:297:6:303:Infinity":165,"f:297:27:297:28":35,"s:298:27:298:Infinity":166,"s:299:24:299:Infinity":167,"b:299:34:299:38:299:38:299:Infinity":33,"s:300:27:300:Infinity":168,"s:301:10:301:Infinity":169,"s:302:10:302:Infinity":170,"s:305:6:305:Infinity":171,"s:306:6:306:Infinity":172,"s:307:6:307:Infinity":173,"s:308:6:308:Infinity":174,"f:311:2:311:11":36,"b:312:4:312:Infinity:undefined:undefined:undefined:undefined":34,"s:312:4:312:Infinity":175,"s:312:34:312:Infinity":176,"s:314:19:314:Infinity":177,"b:315:4:315:Infinity:undefined:undefined:undefined:undefined":35,"s:315:4:315:Infinity":178,"s:315:17:315:Infinity":179,"s:317:24:317:Infinity":180,"f:317:47:317:52":37,"s:317:52:317:67":181,"b:318:4:318:Infinity:undefined:undefined:undefined:undefined":36,"s:318:4:318:Infinity":182,"s:318:40:318:Infinity":183,"s:320:4:320:Infinity":184,"f:323:2:323:18":38,"s:324:17:324:Infinity":185,"s:325:22:325:Infinity":186,"f:325:38:325:43":39,"s:325:43:325:58":187,"b:327:4:330:Infinity:undefined:undefined:undefined:undefined":37,"s:327:4:330:Infinity":188,"b:327:8:327:17:327:17:327:35":38,"s:328:8:328:Infinity":189,"s:329:8:329:Infinity":190,"s:332:17:332:Infinity":191,"s:333:4:333:Infinity":192,"s:335:4:335:Infinity":193,"s:336:4:336:Infinity":194,"b:338:4:344:Infinity:340:11:344:Infinity":39,"s:338:4:344:Infinity":195,"s:339:6:339:Infinity":196,"f:339:17:339:23":40,"s:339:23:339:44":197,"s:341:6:341:Infinity":198,"s:342:6:342:Infinity":199,"s:343:6:343:Infinity":200,"f:347:2:347:17":41,"s:349:23:349:Infinity":201,"s:352:17:352:Infinity":202,"s:353:4:353:Infinity":203,"f:353:30:353:35":42,"s:353:35:353:92":204,"s:355:24:355:Infinity":205,"f:355:47:355:52":43,"s:355:52:355:80":206,"s:356:25:356:Infinity":207,"b:356:50:356:60:356:60:356:Infinity":40,"s:357:4:357:Infinity":208,"s:360:4:360:Infinity":209,"s:361:4:364:Infinity":210,"s:365:4:365:Infinity":211,"s:366:4:366:Infinity":212,"b:369:4:384:Infinity:382:11:384:Infinity":41,"s:369:4:384:Infinity":213,"s:370:8:370:Infinity":214,"s:371:8:371:Infinity":215,"s:372:8:372:Infinity":216,"s:374:8:374:Infinity":217,"s:375:8:375:Infinity":218,"s:376:8:376:Infinity":219,"s:379:8:379:Infinity":220,"s:381:8:381:Infinity":221,"f:381:19:381:25":44,"s:381:25:381:44":222,"s:383:8:383:Infinity":223,"f:387:2:387:17":45,"s:388:22:388:Infinity":224,"s:389:23:389:Infinity":225,"s:391:6:408:Infinity":226,"s:391:19:391:22":227,"s:392:28:392:Infinity":228,"s:393:27:393:Infinity":229,"s:394:27:394:Infinity":230,"s:396:30:396:Infinity":231,"s:397:30:397:Infinity":232,"b:399:10:407:Infinity:401:10:407:Infinity":42,"s:399:10:407:Infinity":233,"b:399:14:399:29:399:29:399:43":43,"s:400:14:400:Infinity":234,"b:401:10:407:Infinity:403:10:407:Infinity":44,"s:401:10:407:Infinity":235,"b:401:21:401:36:401:36:401:49":45,"b:402:14:402:Infinity:undefined:undefined:undefined:undefined":46,"s:402:14:402:Infinity":236,"s:402:69:402:Infinity":237,"b:403:10:407:Infinity:undefined:undefined:undefined:undefined":47,"s:403:10:407:Infinity":238,"b:403:21:403:37:403:37:403:51":48,"b:404:14:406:Infinity:undefined:undefined:undefined:undefined":49,"s:404:14:406:Infinity":239,"b:404:18:404:47:404:47:404:100":50,"s:405:18:405:Infinity":240,"s:409:6:409:Infinity":241,"f:414:2:414:17":46,"s:415:19:415:Infinity":242,"b:416:4:423:Infinity:undefined:undefined:undefined:undefined":51,"s:416:4:423:Infinity":243,"b:416:8:416:18:416:18:416:32":52,"s:418:22:418:Infinity":244,"s:419:8:422:Infinity":245,"f:419:19:419:25":47,"b:420:12:420:Infinity:undefined:undefined:undefined:undefined":53,"s:420:12:420:Infinity":246,"s:420:42:420:Infinity":247,"b:421:12:421:Infinity:undefined:undefined:undefined:undefined":54,"s:421:12:421:Infinity":248,"s:421:42:421:Infinity":249,"f:426:2:426:9":48,"s:427:26:427:Infinity":250,"f:427:49:427:54":49,"s:427:54:427:72":251,"s:430:19:430:Infinity":252,"b:432:6:442:Infinity:435:6:442:Infinity":55,"s:432:6:442:Infinity":253,"b:432:10:432:37:432:37:432:49":56,"s:433:25:433:Infinity":254,"b:434:10:434:Infinity:undefined:undefined:undefined:undefined":57,"s:434:10:434:Infinity":255,"s:434:22:434:Infinity":256,"b:435:6:442:Infinity:440:13:442:Infinity":58,"s:435:6:442:Infinity":257,"b:435:17:435:44:435:44:435:56":59,"s:436:32:436:Infinity":258,"s:437:28:437:Infinity":259,"s:438:23:438:Infinity":260,"b:438:23:438:59:438:59:438:Infinity":60,"f:438:34:438:39":50,"s:438:39:438:54":261,"s:439:10:439:Infinity":262,"s:441:10:441:Infinity":263,"f:445:2:445:10":51,"s:446:19:446:Infinity":264,"b:447:6:447:Infinity:undefined:undefined:undefined:undefined":61,"s:447:6:447:Infinity":265,"b:447:10:447:19:447:19:447:38":62,"s:447:38:447:Infinity":266,"s:449:21:449:Infinity":267,"b:451:6:455:Infinity:undefined:undefined:undefined:undefined":63,"s:451:6:455:Infinity":268,"s:452:26:452:Infinity":269,"s:453:26:453:Infinity":270,"f:453:38:453:43":52,"s:453:43:453:61":271,"b:454:10:454:Infinity:undefined:undefined:undefined:undefined":64,"s:454:10:454:Infinity":272,"s:454:34:454:Infinity":273,"s:457:25:457:Infinity":274,"s:458:6:458:Infinity":275,"f:461:6:461:35":53,"s:462:6:462:Infinity":276,"f:462:31:462:36":54,"s:462:36:462:67":277,"b:462:36:462:48:462:48:462:67":65,"f:465:2:465:10":55,"s:466:4:469:Infinity":278,"s:466:17:466:35":279,"s:467:18:467:Infinity":280,"s:468:8:468:Infinity":281}}}
}
